<?xml version="1.0" encoding="UTF-8"?>
<!-- Generated by org.testng.reporters.JUnitReportReporter -->
<testsuite hostname="CHN1-LHP-N62804" failures="0" tests="2" name="demo.LoginApp_Test" time="3.273" errors="0" timestamp="2022-04-14T13:44:59 IST" skipped="0">
  <testcase classname="demo.LoginApp_Test" name="testlogin" time="1.927"/>
  <system-out/>
  <testcase classname="demo.LoginApp_Test" name="testlogout" time="1.346"/>
  <system-out/>
</testsuite> <!-- demo.LoginApp_Test -->
